{"C:\\Users\\SHYAM\\Downloads\\softeendsem-main (1)\\softeendsem-main\\server\\app.js": {"path":"C:\\Users\\SHYAM\\Downloads\\softeendsem-main (1)\\softeendsem-main\\server\\app.js","statementMap":{"0":{"start":{"line":1,"column":16},"end":{"line":1,"column":34}},"1":{"start":{"line":2,"column":13},"end":{"line":2,"column":28}},"2":{"start":{"line":3,"column":17},"end":{"line":3,"column":36}},"3":{"start":{"line":5,"column":19},"end":{"line":5,"column":41}},"4":{"start":{"line":6,"column":13},"end":{"line":6,"column":42}},"5":{"start":{"line":7,"column":15},"end":{"line":7,"column":35}},"6":{"start":{"line":8,"column":17},"end":{"line":8,"column":34}},"7":{"start":{"line":9,"column":0},"end":{"line":9,"column":27}},"8":{"start":{"line":10,"column":22},"end":{"line":10,"column":50}},"9":{"start":{"line":12,"column":19},"end":{"line":12,"column":49}},"10":{"start":{"line":15,"column":0},"end":{"line":34,"column":1}},"11":{"start":{"line":16,"column":12},"end":{"line":16,"column":21}},"12":{"start":{"line":17,"column":0},"end":{"line":21,"column":2}},"13":{"start":{"line":22,"column":0},"end":{"line":22,"column":16}},"14":{"start":{"line":23,"column":0},"end":{"line":23,"column":24}},"15":{"start":{"line":26,"column":0},"end":{"line":26,"column":33}},"16":{"start":{"line":27,"column":0},"end":{"line":27,"column":40}},"17":{"start":{"line":33,"column":0},"end":{"line":33,"column":11}}},"fnMap":{"0":{"name":"(anonymous_0)","decl":{"start":{"line":15,"column":23},"end":{"line":15,"column":24}},"loc":{"start":{"line":15,"column":27},"end":{"line":34,"column":1}},"line":15}},"branchMap":{},"s":{"0":7,"1":7,"2":7,"3":7,"4":7,"5":7,"6":7,"7":7,"8":7,"9":7,"10":7,"11":7,"12":7,"13":7,"14":7,"15":7,"16":7,"17":7},"f":{"0":7},"b":{},"_coverageSchema":"1a1c01bbd47fc00a2c39e90264f33305004495a9","hash":"99fcb8c5344a444393901875a90c97fdf39502cc"}
,"C:\\Users\\SHYAM\\Downloads\\softeendsem-main (1)\\softeendsem-main\\server\\controllers\\messageController.js": {"path":"C:\\Users\\SHYAM\\Downloads\\softeendsem-main (1)\\softeendsem-main\\server\\controllers\\messageController.js","statementMap":{"0":{"start":{"line":1,"column":17},"end":{"line":1,"column":50}},"1":{"start":{"line":3,"column":0},"end":{"line":32,"column":2}},"2":{"start":{"line":4,"column":2},"end":{"line":31,"column":3}},"3":{"start":{"line":5,"column":4},"end":{"line":5,"column":26}},"4":{"start":{"line":6,"column":4},"end":{"line":6,"column":35}},"5":{"start":{"line":7,"column":25},"end":{"line":7,"column":33}},"6":{"start":{"line":9,"column":21},"end":{"line":13,"column":29}},"7":{"start":{"line":14,"column":4},"end":{"line":14,"column":26}},"8":{"start":{"line":15,"column":0},"end":{"line":17,"column":1}},"9":{"start":{"line":16,"column":2},"end":{"line":16,"column":34}},"10":{"start":{"line":18,"column":30},"end":{"line":23,"column":6}},"11":{"start":{"line":19,"column":6},"end":{"line":22,"column":8}},"12":{"start":{"line":24,"column":4},"end":{"line":24,"column":34}},"13":{"start":{"line":25,"column":4},"end":{"line":25,"column":35}},"14":{"start":{"line":28,"column":4},"end":{"line":28,"column":55}},"15":{"start":{"line":30,"column":4},"end":{"line":30,"column":13}},"16":{"start":{"line":34,"column":0},"end":{"line":50,"column":2}},"17":{"start":{"line":35,"column":2},"end":{"line":49,"column":3}},"18":{"start":{"line":36,"column":0},"end":{"line":36,"column":22}},"19":{"start":{"line":38,"column":34},"end":{"line":38,"column":42}},"20":{"start":{"line":39,"column":17},"end":{"line":43,"column":6}},"21":{"start":{"line":44,"column":0},"end":{"line":44,"column":18}},"22":{"start":{"line":45,"column":4},"end":{"line":45,"column":84}},"23":{"start":{"line":45,"column":14},"end":{"line":45,"column":84}},"24":{"start":{"line":53,"column":0},"end":{"line":67,"column":2}},"25":{"start":{"line":54,"column":2},"end":{"line":66,"column":3}},"26":{"start":{"line":55,"column":24},"end":{"line":55,"column":32}},"27":{"start":{"line":56,"column":0},"end":{"line":56,"column":22}},"28":{"start":{"line":57,"column":25},"end":{"line":60,"column":6}},"29":{"start":{"line":62,"column":4},"end":{"line":62,"column":115}},"30":{"start":{"line":62,"column":38},"end":{"line":62,"column":115}}},"fnMap":{"0":{"name":"(anonymous_0)","decl":{"start":{"line":3,"column":29},"end":{"line":3,"column":30}},"loc":{"start":{"line":3,"column":55},"end":{"line":32,"column":1}},"line":3},"1":{"name":"(anonymous_1)","decl":{"start":{"line":18,"column":43},"end":{"line":18,"column":44}},"loc":{"start":{"line":18,"column":52},"end":{"line":23,"column":5}},"line":18},"2":{"name":"(anonymous_2)","decl":{"start":{"line":34,"column":28},"end":{"line":34,"column":29}},"loc":{"start":{"line":34,"column":54},"end":{"line":50,"column":1}},"line":34},"3":{"name":"(anonymous_3)","decl":{"start":{"line":53,"column":31},"end":{"line":53,"column":32}},"loc":{"start":{"line":53,"column":57},"end":{"line":67,"column":1}},"line":53}},"branchMap":{"0":{"loc":{"start":{"line":15,"column":0},"end":{"line":17,"column":1}},"type":"if","locations":[{"start":{"line":15,"column":0},"end":{"line":17,"column":1}},{"start":{},"end":{}}],"line":15},"1":{"loc":{"start":{"line":45,"column":4},"end":{"line":45,"column":84}},"type":"if","locations":[{"start":{"line":45,"column":4},"end":{"line":45,"column":84}},{"start":{},"end":{}}],"line":45},"2":{"loc":{"start":{"line":62,"column":4},"end":{"line":62,"column":115}},"type":"if","locations":[{"start":{"line":62,"column":4},"end":{"line":62,"column":115}},{"start":{},"end":{}}],"line":62}},"s":{"0":7,"1":7,"2":1,"3":1,"4":1,"5":1,"6":1,"7":1,"8":1,"9":0,"10":1,"11":1,"12":1,"13":1,"14":1,"15":0,"16":7,"17":1,"18":1,"19":1,"20":1,"21":1,"22":1,"23":1,"24":7,"25":1,"26":1,"27":1,"28":1,"29":1,"30":1},"f":{"0":1,"1":1,"2":1,"3":1},"b":{"0":[0,1],"1":[1,0],"2":[1,0]},"_coverageSchema":"1a1c01bbd47fc00a2c39e90264f33305004495a9","hash":"050a650f19504a8538c5a156efaa3be524b060e2"}
,"C:\\Users\\SHYAM\\Downloads\\softeendsem-main (1)\\softeendsem-main\\server\\controllers\\userController.js": {"path":"C:\\Users\\SHYAM\\Downloads\\softeendsem-main (1)\\softeendsem-main\\server\\controllers\\userController.js","statementMap":{"0":{"start":{"line":1,"column":13},"end":{"line":1,"column":43}},"1":{"start":{"line":2,"column":15},"end":{"line":2,"column":34}},"2":{"start":{"line":4,"column":12},"end":{"line":4,"column":35}},"3":{"start":{"line":6,"column":19},"end":{"line":6,"column":40}},"4":{"start":{"line":7,"column":20},"end":{"line":18,"column":2}},"5":{"start":{"line":20,"column":0},"end":{"line":42,"column":2}},"6":{"start":{"line":21,"column":2},"end":{"line":41,"column":3}},"7":{"start":{"line":23,"column":35},"end":{"line":23,"column":43}},"8":{"start":{"line":24,"column":17},"end":{"line":24,"column":49}},"9":{"start":{"line":26,"column":4},"end":{"line":27,"column":80}},"10":{"start":{"line":27,"column":6},"end":{"line":27,"column":80}},"11":{"start":{"line":29,"column":4},"end":{"line":29,"column":68}},"12":{"start":{"line":31,"column":4},"end":{"line":32,"column":80}},"13":{"start":{"line":32,"column":6},"end":{"line":32,"column":80}},"14":{"start":{"line":35,"column":4},"end":{"line":35,"column":41}},"15":{"start":{"line":37,"column":4},"end":{"line":37,"column":25}},"16":{"start":{"line":38,"column":4},"end":{"line":38,"column":44}},"17":{"start":{"line":40,"column":4},"end":{"line":40,"column":13}},"18":{"start":{"line":44,"column":0},"end":{"line":56,"column":2}},"19":{"start":{"line":46,"column":2},"end":{"line":55,"column":3}},"20":{"start":{"line":47,"column":25},"end":{"line":47,"column":33}},"21":{"start":{"line":48,"column":17},"end":{"line":48,"column":49}},"22":{"start":{"line":51,"column":4},"end":{"line":51,"column":44}},"23":{"start":{"line":54,"column":4},"end":{"line":54,"column":13}},"24":{"start":{"line":58,"column":0},"end":{"line":120,"column":2}},"25":{"start":{"line":61,"column":2},"end":{"line":119,"column":3}},"26":{"start":{"line":63,"column":6},"end":{"line":63,"column":14}},"27":{"start":{"line":64,"column":26},"end":{"line":64,"column":58}},"28":{"start":{"line":66,"column":4},"end":{"line":67,"column":71}},"29":{"start":{"line":67,"column":6},"end":{"line":67,"column":71}},"30":{"start":{"line":68,"column":23},"end":{"line":68,"column":52}},"31":{"start":{"line":69,"column":4},"end":{"line":70,"column":68}},"32":{"start":{"line":70,"column":6},"end":{"line":70,"column":68}},"33":{"start":{"line":72,"column":27},"end":{"line":72,"column":58}},"34":{"start":{"line":75,"column":4},"end":{"line":88,"column":5}},"35":{"start":{"line":77,"column":5},"end":{"line":83,"column":6}},"36":{"start":{"line":86,"column":6},"end":{"line":86,"column":51}},"37":{"start":{"line":113,"column":4},"end":{"line":113,"column":41}},"38":{"start":{"line":114,"column":4},"end":{"line":114,"column":25}},"39":{"start":{"line":115,"column":4},"end":{"line":115,"column":49}},"40":{"start":{"line":118,"column":4},"end":{"line":118,"column":13}},"41":{"start":{"line":123,"column":0},"end":{"line":160,"column":2}},"42":{"start":{"line":124,"column":2},"end":{"line":159,"column":3}},"43":{"start":{"line":127,"column":4},"end":{"line":127,"column":26}},"44":{"start":{"line":128,"column":21},"end":{"line":128,"column":38}},"45":{"start":{"line":131,"column":4},"end":{"line":137,"column":5}},"46":{"start":{"line":132,"column":6},"end":{"line":132,"column":87}},"47":{"start":{"line":136,"column":6},"end":{"line":136,"column":25}},"48":{"start":{"line":139,"column":4},"end":{"line":145,"column":5}},"49":{"start":{"line":140,"column":6},"end":{"line":140,"column":87}},"50":{"start":{"line":144,"column":6},"end":{"line":144,"column":25}},"51":{"start":{"line":154,"column":4},"end":{"line":154,"column":36}},"52":{"start":{"line":158,"column":4},"end":{"line":158,"column":13}},"53":{"start":{"line":209,"column":0},"end":{"line":245,"column":2}},"54":{"start":{"line":210,"column":2},"end":{"line":244,"column":3}},"55":{"start":{"line":212,"column":21},"end":{"line":212,"column":38}},"56":{"start":{"line":213,"column":23},"end":{"line":213,"column":42}},"57":{"start":{"line":215,"column":4},"end":{"line":225,"column":5}},"58":{"start":{"line":216,"column":21},"end":{"line":216,"column":50}},"59":{"start":{"line":220,"column":6},"end":{"line":222,"column":7}},"60":{"start":{"line":221,"column":8},"end":{"line":221,"column":79}},"61":{"start":{"line":224,"column":6},"end":{"line":224,"column":22}},"62":{"start":{"line":227,"column":17},"end":{"line":231,"column":5}},"63":{"start":{"line":232,"column":18},"end":{"line":236,"column":5}},"64":{"start":{"line":239,"column":4},"end":{"line":239,"column":76}},"65":{"start":{"line":243,"column":4},"end":{"line":243,"column":13}},"66":{"start":{"line":257,"column":0},"end":{"line":278,"column":2}},"67":{"start":{"line":258,"column":2},"end":{"line":277,"column":3}},"68":{"start":{"line":260,"column":15},"end":{"line":260,"column":26}},"69":{"start":{"line":261,"column":22},"end":{"line":261,"column":40}},"70":{"start":{"line":262,"column":17},"end":{"line":262,"column":40}},"71":{"start":{"line":263,"column":12},"end":{"line":263,"column":24}},"72":{"start":{"line":264,"column":17},"end":{"line":264,"column":28}},"73":{"start":{"line":265,"column":4},"end":{"line":265,"column":36}},"74":{"start":{"line":266,"column":4},"end":{"line":266,"column":14}},"75":{"start":{"line":267,"column":4},"end":{"line":267,"column":24}},"76":{"start":{"line":268,"column":24},"end":{"line":272,"column":5}},"77":{"start":{"line":274,"column":4},"end":{"line":274,"column":52}},"78":{"start":{"line":276,"column":4},"end":{"line":276,"column":13}},"79":{"start":{"line":280,"column":0},"end":{"line":289,"column":2}},"80":{"start":{"line":281,"column":2},"end":{"line":288,"column":3}},"81":{"start":{"line":283,"column":15},"end":{"line":283,"column":26}},"82":{"start":{"line":284,"column":17},"end":{"line":284,"column":40}},"83":{"start":{"line":285,"column":4},"end":{"line":285,"column":68}},"84":{"start":{"line":287,"column":4},"end":{"line":287,"column":13}},"85":{"start":{"line":291,"column":0},"end":{"line":312,"column":2}},"86":{"start":{"line":292,"column":2},"end":{"line":311,"column":3}},"87":{"start":{"line":294,"column":4},"end":{"line":294,"column":24}},"88":{"start":{"line":295,"column":19},"end":{"line":295,"column":30}},"89":{"start":{"line":296,"column":4},"end":{"line":296,"column":24}},"90":{"start":{"line":297,"column":17},"end":{"line":297,"column":44}},"91":{"start":{"line":299,"column":27},"end":{"line":299,"column":39}},"92":{"start":{"line":300,"column":18},"end":{"line":300,"column":20}},"93":{"start":{"line":301,"column":4},"end":{"line":304,"column":5}},"94":{"start":{"line":302,"column":19},"end":{"line":302,"column":48}},"95":{"start":{"line":303,"column":6},"end":{"line":303,"column":25}},"96":{"start":{"line":307,"column":4},"end":{"line":307,"column":25}},"97":{"start":{"line":308,"column":4},"end":{"line":308,"column":29}},"98":{"start":{"line":310,"column":4},"end":{"line":310,"column":13}},"99":{"start":{"line":337,"column":0},"end":{"line":357,"column":2}},"100":{"start":{"line":338,"column":2},"end":{"line":356,"column":3}},"101":{"start":{"line":339,"column":19},"end":{"line":339,"column":30}},"102":{"start":{"line":340,"column":28},"end":{"line":340,"column":52}},"103":{"start":{"line":341,"column":4},"end":{"line":341,"column":33}},"104":{"start":{"line":343,"column":21},"end":{"line":349,"column":5}},"105":{"start":{"line":350,"column":4},"end":{"line":350,"column":26}},"106":{"start":{"line":351,"column":4},"end":{"line":353,"column":7}},"107":{"start":{"line":355,"column":4},"end":{"line":355,"column":13}},"108":{"start":{"line":359,"column":22},"end":{"line":361,"column":1}},"109":{"start":{"line":360,"column":2},"end":{"line":360,"column":72}}},"fnMap":{"0":{"name":"(anonymous_0)","decl":{"start":{"line":20,"column":23},"end":{"line":20,"column":24}},"loc":{"start":{"line":20,"column":49},"end":{"line":42,"column":1}},"line":20},"1":{"name":"(anonymous_1)","decl":{"start":{"line":44,"column":29},"end":{"line":44,"column":30}},"loc":{"start":{"line":44,"column":55},"end":{"line":56,"column":1}},"line":44},"2":{"name":"(anonymous_2)","decl":{"start":{"line":58,"column":26},"end":{"line":58,"column":27}},"loc":{"start":{"line":58,"column":52},"end":{"line":120,"column":1}},"line":58},"3":{"name":"(anonymous_3)","decl":{"start":{"line":123,"column":30},"end":{"line":123,"column":31}},"loc":{"start":{"line":123,"column":56},"end":{"line":160,"column":1}},"line":123},"4":{"name":"(anonymous_4)","decl":{"start":{"line":209,"column":27},"end":{"line":209,"column":28}},"loc":{"start":{"line":209,"column":53},"end":{"line":245,"column":1}},"line":209},"5":{"name":"(anonymous_5)","decl":{"start":{"line":257,"column":26},"end":{"line":257,"column":27}},"loc":{"start":{"line":257,"column":52},"end":{"line":278,"column":1}},"line":257},"6":{"name":"(anonymous_6)","decl":{"start":{"line":280,"column":27},"end":{"line":280,"column":28}},"loc":{"start":{"line":280,"column":53},"end":{"line":289,"column":1}},"line":280},"7":{"name":"(anonymous_7)","decl":{"start":{"line":291,"column":28},"end":{"line":291,"column":29}},"loc":{"start":{"line":291,"column":54},"end":{"line":312,"column":1}},"line":291},"8":{"name":"(anonymous_8)","decl":{"start":{"line":337,"column":35},"end":{"line":337,"column":36}},"loc":{"start":{"line":337,"column":61},"end":{"line":357,"column":1}},"line":337},"9":{"name":"(anonymous_9)","decl":{"start":{"line":359,"column":22},"end":{"line":359,"column":23}},"loc":{"start":{"line":359,"column":30},"end":{"line":361,"column":1}},"line":359}},"branchMap":{"0":{"loc":{"start":{"line":26,"column":4},"end":{"line":27,"column":80}},"type":"if","locations":[{"start":{"line":26,"column":4},"end":{"line":27,"column":80}},{"start":{},"end":{}}],"line":26},"1":{"loc":{"start":{"line":31,"column":4},"end":{"line":32,"column":80}},"type":"if","locations":[{"start":{"line":31,"column":4},"end":{"line":32,"column":80}},{"start":{},"end":{}}],"line":31},"2":{"loc":{"start":{"line":66,"column":4},"end":{"line":67,"column":71}},"type":"if","locations":[{"start":{"line":66,"column":4},"end":{"line":67,"column":71}},{"start":{},"end":{}}],"line":66},"3":{"loc":{"start":{"line":69,"column":4},"end":{"line":70,"column":68}},"type":"if","locations":[{"start":{"line":69,"column":4},"end":{"line":70,"column":68}},{"start":{},"end":{}}],"line":69},"4":{"loc":{"start":{"line":220,"column":6},"end":{"line":222,"column":7}},"type":"if","locations":[{"start":{"line":220,"column":6},"end":{"line":222,"column":7}},{"start":{},"end":{}}],"line":220}},"s":{"0":7,"1":7,"2":7,"3":7,"4":7,"5":7,"6":3,"7":3,"8":3,"9":3,"10":1,"11":2,"12":2,"13":1,"14":1,"15":1,"16":1,"17":0,"18":7,"19":1,"20":1,"21":1,"22":1,"23":0,"24":7,"25":11,"26":11,"27":11,"28":11,"29":1,"30":10,"31":10,"32":1,"33":9,"34":9,"35":9,"36":0,"37":9,"38":9,"39":9,"40":0,"41":7,"42":1,"43":1,"44":1,"45":1,"46":1,"47":0,"48":1,"49":1,"50":0,"51":1,"52":0,"53":7,"54":2,"55":2,"56":2,"57":2,"58":2,"59":2,"60":1,"61":0,"62":1,"63":1,"64":1,"65":0,"66":7,"67":1,"68":1,"69":1,"70":1,"71":1,"72":1,"73":1,"74":1,"75":1,"76":1,"77":1,"78":0,"79":7,"80":1,"81":1,"82":1,"83":1,"84":0,"85":7,"86":1,"87":1,"88":1,"89":1,"90":1,"91":1,"92":1,"93":1,"94":1,"95":1,"96":1,"97":1,"98":0,"99":7,"100":1,"101":1,"102":1,"103":1,"104":1,"105":1,"106":1,"107":0,"108":7,"109":10},"f":{"0":3,"1":1,"2":11,"3":1,"4":2,"5":1,"6":1,"7":1,"8":1,"9":10},"b":{"0":[1,2],"1":[1,1],"2":[1,10],"3":[1,9],"4":[1,1]},"_coverageSchema":"1a1c01bbd47fc00a2c39e90264f33305004495a9","hash":"e227834f4db910f902af918a870af494d0cbb166"}
,"C:\\Users\\SHYAM\\Downloads\\softeendsem-main (1)\\softeendsem-main\\server\\models\\messageModel.js": {"path":"C:\\Users\\SHYAM\\Downloads\\softeendsem-main (1)\\softeendsem-main\\server\\models\\messageModel.js","statementMap":{"0":{"start":{"line":1,"column":17},"end":{"line":1,"column":36}},"1":{"start":{"line":3,"column":22},"end":{"line":18,"column":1}},"2":{"start":{"line":20,"column":0},"end":{"line":20,"column":59}}},"fnMap":{},"branchMap":{},"s":{"0":7,"1":7,"2":7},"f":{},"b":{},"_coverageSchema":"1a1c01bbd47fc00a2c39e90264f33305004495a9","hash":"86872240fdffe330fd0f7433399f8f648be220d0"}
,"C:\\Users\\SHYAM\\Downloads\\softeendsem-main (1)\\softeendsem-main\\server\\models\\userModel.js": {"path":"C:\\Users\\SHYAM\\Downloads\\softeendsem-main (1)\\softeendsem-main\\server\\models\\userModel.js","statementMap":{"0":{"start":{"line":1,"column":17},"end":{"line":1,"column":36}},"1":{"start":{"line":2,"column":12},"end":{"line":2,"column":35}},"2":{"start":{"line":4,"column":19},"end":{"line":61,"column":2}},"3":{"start":{"line":74,"column":0},"end":{"line":74,"column":53}}},"fnMap":{},"branchMap":{},"s":{"0":7,"1":7,"2":7,"3":7},"f":{},"b":{},"_coverageSchema":"1a1c01bbd47fc00a2c39e90264f33305004495a9","hash":"d0e350109dfbc9d89e048bac1b10eb958512baeb"}
,"C:\\Users\\SHYAM\\Downloads\\softeendsem-main (1)\\softeendsem-main\\server\\routes\\messages.js": {"path":"C:\\Users\\SHYAM\\Downloads\\softeendsem-main (1)\\softeendsem-main\\server\\routes\\messages.js","statementMap":{"0":{"start":{"line":1,"column":50},"end":{"line":1,"column":93}},"1":{"start":{"line":2,"column":15},"end":{"line":2,"column":42}},"2":{"start":{"line":4,"column":0},"end":{"line":4,"column":36}},"3":{"start":{"line":5,"column":0},"end":{"line":5,"column":37}},"4":{"start":{"line":6,"column":0},"end":{"line":6,"column":42}},"5":{"start":{"line":9,"column":0},"end":{"line":9,"column":24}}},"fnMap":{},"branchMap":{},"s":{"0":7,"1":7,"2":7,"3":7,"4":7,"5":7},"f":{},"b":{},"_coverageSchema":"1a1c01bbd47fc00a2c39e90264f33305004495a9","hash":"36b473fe8386032e7ea5adceb3bc8388492cb491"}
,"C:\\Users\\SHYAM\\Downloads\\softeendsem-main (1)\\softeendsem-main\\server\\routes\\userRoutes.js": {"path":"C:\\Users\\SHYAM\\Downloads\\softeendsem-main (1)\\softeendsem-main\\server\\routes\\userRoutes.js","statementMap":{"0":{"start":{"line":1,"column":15},"end":{"line":1,"column":42}},"1":{"start":{"line":2,"column":17},"end":{"line":2,"column":60}},"2":{"start":{"line":5,"column":0},"end":{"line":5,"column":44}},"3":{"start":{"line":6,"column":0},"end":{"line":6,"column":38}},"4":{"start":{"line":7,"column":0},"end":{"line":7,"column":45}},"5":{"start":{"line":8,"column":0},"end":{"line":8,"column":46}},"6":{"start":{"line":9,"column":0},"end":{"line":9,"column":50}},"7":{"start":{"line":10,"column":0},"end":{"line":10,"column":62}},"8":{"start":{"line":11,"column":0},"end":{"line":11,"column":44}},"9":{"start":{"line":12,"column":0},"end":{"line":12,"column":46}},"10":{"start":{"line":13,"column":0},"end":{"line":13,"column":52}},"11":{"start":{"line":17,"column":0},"end":{"line":17,"column":24}}},"fnMap":{},"branchMap":{},"s":{"0":7,"1":7,"2":7,"3":7,"4":7,"5":7,"6":7,"7":7,"8":7,"9":7,"10":7,"11":7},"f":{},"b":{},"_coverageSchema":"1a1c01bbd47fc00a2c39e90264f33305004495a9","hash":"e1d6ac538c6685599f629fcee688ba432a59cdfd"}
}
