TN:
SF:app.js
FN:15,(anonymous_0)
FNF:1
FNH:1
FNDA:7,(anonymous_0)
DA:1,7
DA:2,7
DA:3,7
DA:5,7
DA:6,7
DA:7,7
DA:8,7
DA:9,7
DA:10,7
DA:12,7
DA:15,7
DA:16,7
DA:17,7
DA:22,7
DA:23,7
DA:26,7
DA:27,7
DA:33,7
LF:18
LH:18
BRF:0
BRH:0
end_of_record
TN:
SF:controllers\messageController.js
FN:3,(anonymous_0)
FN:18,(anonymous_1)
FN:34,(anonymous_2)
FN:53,(anonymous_3)
FNF:4
FNH:4
FNDA:1,(anonymous_0)
FNDA:1,(anonymous_1)
FNDA:1,(anonymous_2)
FNDA:1,(anonymous_3)
DA:1,7
DA:3,7
DA:4,1
DA:5,1
DA:6,1
DA:7,1
DA:9,1
DA:14,1
DA:15,1
DA:16,0
DA:18,1
DA:19,1
DA:24,1
DA:25,1
DA:28,1
DA:30,0
DA:34,7
DA:35,1
DA:36,1
DA:38,1
DA:39,1
DA:44,1
DA:45,1
DA:53,7
DA:54,1
DA:55,1
DA:56,1
DA:57,1
DA:62,1
LF:29
LH:27
BRDA:15,0,0,0
BRDA:15,0,1,1
BRDA:45,1,0,1
BRDA:45,1,1,0
BRDA:62,2,0,1
BRDA:62,2,1,0
BRF:6
BRH:3
end_of_record
TN:
SF:controllers\userController.js
FN:20,(anonymous_0)
FN:44,(anonymous_1)
FN:58,(anonymous_2)
FN:123,(anonymous_3)
FN:209,(anonymous_4)
FN:257,(anonymous_5)
FN:280,(anonymous_6)
FN:291,(anonymous_7)
FN:337,(anonymous_8)
FN:359,(anonymous_9)
FNF:10
FNH:10
FNDA:3,(anonymous_0)
FNDA:1,(anonymous_1)
FNDA:11,(anonymous_2)
FNDA:1,(anonymous_3)
FNDA:2,(anonymous_4)
FNDA:1,(anonymous_5)
FNDA:1,(anonymous_6)
FNDA:1,(anonymous_7)
FNDA:1,(anonymous_8)
FNDA:10,(anonymous_9)
DA:1,7
DA:2,7
DA:4,7
DA:6,7
DA:7,7
DA:20,7
DA:21,3
DA:23,3
DA:24,3
DA:26,3
DA:27,1
DA:29,2
DA:31,2
DA:32,1
DA:35,1
DA:37,1
DA:38,1
DA:40,0
DA:44,7
DA:46,1
DA:47,1
DA:48,1
DA:51,1
DA:54,0
DA:58,7
DA:61,11
DA:63,11
DA:64,11
DA:66,11
DA:67,1
DA:68,10
DA:69,10
DA:70,1
DA:72,9
DA:75,9
DA:77,9
DA:86,0
DA:113,9
DA:114,9
DA:115,9
DA:118,0
DA:123,7
DA:124,1
DA:127,1
DA:128,1
DA:131,1
DA:132,1
DA:136,0
DA:139,1
DA:140,1
DA:144,0
DA:154,1
DA:158,0
DA:209,7
DA:210,2
DA:212,2
DA:213,2
DA:215,2
DA:216,2
DA:220,2
DA:221,1
DA:224,0
DA:227,1
DA:232,1
DA:239,1
DA:243,0
DA:257,7
DA:258,1
DA:260,1
DA:261,1
DA:262,1
DA:263,1
DA:264,1
DA:265,1
DA:266,1
DA:267,1
DA:268,1
DA:274,1
DA:276,0
DA:280,7
DA:281,1
DA:283,1
DA:284,1
DA:285,1
DA:287,0
DA:291,7
DA:292,1
DA:294,1
DA:295,1
DA:296,1
DA:297,1
DA:299,1
DA:300,1
DA:301,1
DA:302,1
DA:303,1
DA:307,1
DA:308,1
DA:310,0
DA:337,7
DA:338,1
DA:339,1
DA:340,1
DA:341,1
DA:343,1
DA:350,1
DA:351,1
DA:355,0
DA:359,7
DA:360,10
LF:110
LH:97
BRDA:26,0,0,1
BRDA:26,0,1,2
BRDA:31,1,0,1
BRDA:31,1,1,1
BRDA:66,2,0,1
BRDA:66,2,1,10
BRDA:69,3,0,1
BRDA:69,3,1,9
BRDA:220,4,0,1
BRDA:220,4,1,1
BRF:10
BRH:10
end_of_record
TN:
SF:models\messageModel.js
FNF:0
FNH:0
DA:1,7
DA:3,7
DA:20,7
LF:3
LH:3
BRF:0
BRH:0
end_of_record
TN:
SF:models\userModel.js
FNF:0
FNH:0
DA:1,7
DA:2,7
DA:4,7
DA:74,7
LF:4
LH:4
BRF:0
BRH:0
end_of_record
TN:
SF:routes\messages.js
FNF:0
FNH:0
DA:1,7
DA:2,7
DA:4,7
DA:5,7
DA:6,7
DA:9,7
LF:6
LH:6
BRF:0
BRH:0
end_of_record
TN:
SF:routes\userRoutes.js
FNF:0
FNH:0
DA:1,7
DA:2,7
DA:5,7
DA:6,7
DA:7,7
DA:8,7
DA:9,7
DA:10,7
DA:11,7
DA:12,7
DA:13,7
DA:17,7
LF:12
LH:12
BRF:0
BRH:0
end_of_record
